#
# A fatal error has been detected by the Java Runtime Environment:
#
#  EXCEPTION_ACCESS_VIOLATION (0xc0000005) at pc=0x7735d7ca, pid=2524, tid=7112
#
# JRE version: 6.0_25-b06
# Java VM: Java HotSpot(TM) Client VM (20.0-b11 mixed mode, sharing windows-x86 )
# Problematic frame:
# C  [ole32.dll+0x2d7ca]
#
# If you would like to submit a bug report, please visit:
#   http://java.sun.com/webapps/bugreport/crash.jsp
# The crash happened outside the Java Virtual Machine in native code.
# See problematic frame for where to report the bug.
#

---------------  T H R E A D  ---------------

Current thread (0x03fb9000):  JavaThread "rma" [_thread_in_native, id=7112, stack(0x046f0000,0x04740000)]

siginfo: ExceptionCode=0xc0000005, writing address 0x00000028

Registers:
EAX=0x0473f54c, EBX=0x77477758, ECX=0x00000000, EDX=0x00000000
ESP=0x0473f51c, EBP=0x0473f524, ESI=0x0473f54c, EDI=0x00000028
EIP=0x7735d7ca, EFLAGS=0x00010246

Top of Stack: (sp=0x0473f51c)
0x0473f51c:   00153728 00133ba8 0473f560 7735d300
0x0473f52c:   0473f54c 03f498d8 00153728 00000000
0x0473f53c:   00000000 00145478 00133ba8 00000000
0x0473f54c:   0000d400 000009dc e3e9a994 adbaf69d
0x0473f55c:   e0e5d100 0473f57c 7735d369 04087ec8
0x0473f56c:   00000000 7746d6ee 0405aef8 00153728
0x0473f57c:   0473f5c8 773be893 e0e5d1a8 0405aef8
0x0473f58c:   0405aef8 03f498d8 0473f5ac 756eb18a 

Instructions: (pc=0x7735d7ca)
0x7735d7aa:   00 83 c4 0c 89 45 fc 8b 45 fc c9 c2 30 00 90 90
0x7735d7ba:   90 90 90 8b ff 55 8b ec 56 8b 75 08 57 8d 79 28
0x7735d7ca:   a5 a5 a5 a5 5f 5e 5d c2 04 00 ff 75 0c ff 75 08
0x7735d7da:   e8 8d fe ff ff e9 15 f7 ff ff 90 90 90 90 90 8b 


Register to memory mapping:

EAX=0x0473f54c is pointing into the stack for thread: 0x03fb9000
EBX=0x77477758 is an unknown value
ECX=0x00000000 is an unknown value
EDX=0x00000000 is an unknown value
ESP=0x0473f51c is pointing into the stack for thread: 0x03fb9000
EBP=0x0473f524 is pointing into the stack for thread: 0x03fb9000
ESI=0x0473f54c is pointing into the stack for thread: 0x03fb9000
EDI=0x00000028 is an unknown value


Stack: [0x046f0000,0x04740000],  sp=0x0473f51c,  free space=317k
Native frames: (J=compiled Java code, j=interpreted, Vv=VM code, C=native code)
C  [ole32.dll+0x2d7ca]  CoGetTreatAsClass+0x309b
C  [ole32.dll+0x2d300]  CoGetTreatAsClass+0x2bd1
C  [ole32.dll+0x2d369]  CoGetTreatAsClass+0x2c3a
C  [ole32.dll+0x8e893]  CoLockObjectExternal+0x22

Java frames: (J=compiled Java code, j=interpreted, Vv=VM code)
j  sun.awt.windows.WComponentPeer.addNativeDropTarget()J+0
j  sun.awt.windows.WComponentPeer.addDropTarget(Ljava/awt/dnd/DropTarget;)V+9
j  java.awt.dnd.DropTarget.addNotify(Ljava/awt/peer/ComponentPeer;)V+60
j  java.awt.Component.addNotify()V+297
j  java.awt.Container.addNotify()V+8
j  javax.swing.JComponent.addNotify()V+1
j  java.awt.Container.addNotify()V+61
j  javax.swing.JComponent.addNotify()V+1
j  java.awt.Container.addNotify()V+61
j  javax.swing.JComponent.addNotify()V+1
j  java.awt.Container.addNotify()V+61
j  javax.swing.JComponent.addNotify()V+1
j  java.awt.Container.addNotify()V+61
j  javax.swing.JComponent.addNotify()V+1
j  java.awt.Container.addImpl(Ljava/awt/Component;Ljava/lang/Object;I)V+194
j  java.awt.Container.add(Ljava/awt/Component;Ljava/lang/Object;)V+4
j  jade.tools.rma.MainWindow.<init>(Ljade/tools/rma/rma;)V+556
j  jade.tools.rma.rma.toolSetup()V+79
j  jade.tools.ToolAgent.setup()V+148
j  jade.core.Agent$ActiveLifeCycle.init()V+19
j  jade.core.Agent.run()V+4
j  java.lang.Thread.run()V+11
v  ~StubRoutines::call_stub

---------------  P R O C E S S  ---------------

Java Threads: ( => current thread )
  0x03fbd000 JavaThread "Image Fetcher 3" daemon [_thread_blocked, id=4548, stack(0x05c30000,0x05c80000)]
  0x03fbc800 JavaThread "Image Fetcher 2" daemon [_thread_blocked, id=4320, stack(0x05be0000,0x05c30000)]
  0x03fbc400 JavaThread "Image Fetcher 1" daemon [_thread_blocked, id=6844, stack(0x05b90000,0x05be0000)]
  0x03fbbc00 JavaThread "Swing-Shell" daemon [_thread_blocked, id=2260, stack(0x05a70000,0x05ac0000)]
  0x03fbb800 JavaThread "TimerQueue" daemon [_thread_blocked, id=7984, stack(0x05970000,0x059c0000)]
  0x03fbb000 JavaThread "Image Fetcher 0" daemon [_thread_blocked, id=6956, stack(0x04cc0000,0x04d10000)]
  0x03fbac00 JavaThread "AWT-EventQueue-0" [_thread_blocked, id=7164, stack(0x04bf0000,0x04c40000)]
  0x03fba400 JavaThread "DestroyJavaVM" [_thread_blocked, id=6700, stack(0x00350000,0x003a0000)]
  0x03fb9c00 JavaThread "file" [_thread_blocked, id=2208, stack(0x04790000,0x047e0000)]
  0x03fb9800 JavaThread "pantalla" [_thread_blocked, id=7180, stack(0x04740000,0x04790000)]
=>0x03fb9000 JavaThread "rma" [_thread_in_native, id=7112, stack(0x046f0000,0x04740000)]
  0x03fb8c00 JavaThread "dm" [_thread_blocked, id=1612, stack(0x046a0000,0x046f0000)]
  0x03fb8400 JavaThread "df" [_thread_blocked, id=6364, stack(0x04650000,0x046a0000)]
  0x03fb8000 JavaThread "ams" [_thread_blocked, id=6568, stack(0x04600000,0x04650000)]
  0x03fb7800 JavaThread "Thread-11" [_thread_in_native, id=1644, stack(0x045b0000,0x04600000)]
  0x03fb7000 JavaThread "Deliverer-4" [_thread_blocked, id=3336, stack(0x04560000,0x045b0000)]
  0x03f59400 JavaThread "Deliverer-3" [_thread_blocked, id=8072, stack(0x04510000,0x04560000)]
  0x03f5dc00 JavaThread "Deliverer-2" [_thread_blocked, id=8100, stack(0x044c0000,0x04510000)]
  0x03f70800 JavaThread "Deliverer-1" [_thread_blocked, id=1856, stack(0x04470000,0x044c0000)]
  0x016cf000 JavaThread "Deliverer-0" [_thread_blocked, id=7564, stack(0x04420000,0x04470000)]
  0x03f68c00 JavaThread "AWT-Windows" daemon [_thread_in_native, id=7528, stack(0x043d0000,0x04420000)]
  0x03f70000 JavaThread "AWT-Shutdown" [_thread_blocked, id=2712, stack(0x041f0000,0x04240000)]
  0x03f6c000 JavaThread "Java2D Disposer" daemon [_thread_blocked, id=5520, stack(0x03e70000,0x03ec0000)]
  0x03f4c000 JavaThread "Thread-4" [_thread_in_native, id=8048, stack(0x03de0000,0x03e30000)]
  0x03f8d800 JavaThread "Thread-3" [_thread_blocked, id=6184, stack(0x03c40000,0x03c90000)]
  0x03f8d400 JavaThread "JICPServer-1544" daemon [_thread_in_native, id=7912, stack(0x03b90000,0x03be0000)]
  0x016ad400 JavaThread "JADE Timer dispatcher" [_thread_blocked, id=1760, stack(0x03b30000,0x03b80000)]
  0x0165ec00 JavaThread "Low Memory Detector" daemon [_thread_blocked, id=7568, stack(0x039c0000,0x03a10000)]
  0x0165a000 JavaThread "C1 CompilerThread0" daemon [_thread_blocked, id=4524, stack(0x03970000,0x039c0000)]
  0x01657000 JavaThread "Attach Listener" daemon [_thread_blocked, id=5076, stack(0x03920000,0x03970000)]
  0x01654000 JavaThread "Signal Dispatcher" daemon [_thread_blocked, id=4616, stack(0x038d0000,0x03920000)]
  0x0164b800 JavaThread "Finalizer" daemon [_thread_blocked, id=5684, stack(0x03880000,0x038d0000)]
  0x0164a000 JavaThread "Reference Handler" daemon [_thread_blocked, id=5936, stack(0x03830000,0x03880000)]

Other Threads:
  0x0160dc00 VMThread [stack: 0x037e0000,0x03830000] [id=3344]
  0x01670800 WatcherThread [stack: 0x03a10000,0x03a60000] [id=3776]

VM state:not at safepoint (normal execution)

VM Mutex/Monitor currently owned by a thread: None

Heap
 def new generation   total 4928K, used 4183K [0x27010000, 0x27560000, 0x2c560000)
  eden space 4416K,  83% used [0x27010000, 0x273a5c10, 0x27460000)
  from space 512K, 100% used [0x274e0000, 0x27560000, 0x27560000)
  to   space 512K,   0% used [0x27460000, 0x27460000, 0x274e0000)
 tenured generation   total 10944K, used 1685K [0x2c560000, 0x2d010000, 0x37010000)
   the space 10944K,  15% used [0x2c560000, 0x2c705490, 0x2c705600, 0x2d010000)
 compacting perm gen  total 12288K, used 3826K [0x37010000, 0x37c10000, 0x3b010000)
   the space 12288K,  31% used [0x37010000, 0x373ccbf0, 0x373ccc00, 0x37c10000)
    ro space 10240K,  54% used [0x3b010000, 0x3b58e770, 0x3b58e800, 0x3ba10000)
    rw space 12288K,  55% used [0x3ba10000, 0x3c0b4ac8, 0x3c0b4c00, 0x3c610000)

Code Cache  [0x016d0000, 0x017b8000, 0x036d0000)
 total_blobs=530 nmethods=325 adapters=141 free_code_cache=32634176 largest_free_block=0

Dynamic libraries:
0x00400000 - 0x00424000 	C:\Program Files\Java\jdk1.6.0_25\bin\java.exe
0x77560000 - 0x7769c000 	C:\Windows\SYSTEM32\ntdll.dll
0x76ae0000 - 0x76bb4000 	C:\Windows\system32\kernel32.dll
0x756e0000 - 0x7572b000 	C:\Windows\system32\KERNELBASE.dll
0x776f0000 - 0x77790000 	C:\Windows\system32\ADVAPI32.dll
0x771e0000 - 0x7728c000 	C:\Windows\system32\msvcrt.dll
0x75980000 - 0x75999000 	C:\Windows\SYSTEM32\sechost.dll
0x77130000 - 0x771d2000 	C:\Windows\system32\RPCRT4.dll
0x7c340000 - 0x7c396000 	C:\Program Files\Java\jdk1.6.0_25\jre\bin\msvcr71.dll
0x6d8a0000 - 0x6db4f000 	C:\Program Files\Java\jdk1.6.0_25\jre\bin\client\jvm.dll
0x77490000 - 0x77559000 	C:\Windows\system32\USER32.dll
0x758d0000 - 0x7591e000 	C:\Windows\system32\GDI32.dll
0x776a0000 - 0x776aa000 	C:\Windows\system32\LPK.dll
0x77290000 - 0x7732d000 	C:\Windows\system32\USP10.dll
0x736e0000 - 0x73712000 	C:\Windows\system32\WINMM.dll
0x75cf0000 - 0x75d0f000 	C:\Windows\system32\IMM32.DLL
0x75c20000 - 0x75cec000 	C:\Windows\system32\MSCTF.dll
0x75450000 - 0x7549c000 	C:\Windows\system32\apphelp.dll
0x75540000 - 0x7556c000 	C:\Windows\system32\nvinit.dll
0x6d850000 - 0x6d85c000 	C:\Program Files\Java\jdk1.6.0_25\jre\bin\verify.dll
0x6d3d0000 - 0x6d3ef000 	C:\Program Files\Java\jdk1.6.0_25\jre\bin\java.dll
0x75c10000 - 0x75c15000 	C:\Windows\system32\PSAPI.DLL
0x6d890000 - 0x6d89f000 	C:\Program Files\Java\jdk1.6.0_25\jre\bin\zip.dll
0x6d6b0000 - 0x6d6c3000 	C:\Program Files\Java\jdk1.6.0_25\jre\bin\net.dll
0x776b0000 - 0x776e5000 	C:\Windows\system32\WS2_32.dll
0x75c00000 - 0x75c06000 	C:\Windows\system32\NSI.dll
0x74f70000 - 0x74fac000 	C:\Windows\system32\mswsock.dll
0x75140000 - 0x75146000 	C:\Windows\System32\wship6.dll
0x73720000 - 0x73730000 	C:\Windows\system32\NLAapi.dll
0x74630000 - 0x74640000 	C:\Windows\system32\napinsp.dll
0x74610000 - 0x74622000 	C:\Windows\system32\pnrpnsp.dll
0x74e40000 - 0x74e84000 	C:\Windows\system32\DNSAPI.dll
0x74600000 - 0x74608000 	C:\Windows\System32\winrnr.dll
0x74a90000 - 0x74a95000 	C:\Windows\System32\wshtcpip.dll
0x73480000 - 0x7349c000 	C:\Windows\system32\IPHLPAPI.DLL
0x73460000 - 0x73467000 	C:\Windows\system32\WINNSI.DLL
0x6c750000 - 0x6c756000 	C:\Windows\system32\rasadhlp.dll
0x73170000 - 0x731a8000 	C:\Windows\System32\fwpuclnt.dll
0x733b0000 - 0x733c2000 	C:\Windows\system32\dhcpcsvc.DLL
0x733a0000 - 0x733ad000 	C:\Windows\system32\dhcpcsvc6.DLL
0x6d0b0000 - 0x6d1fb000 	C:\Program Files\Java\jdk1.6.0_25\jre\bin\awt.dll
0x71f70000 - 0x71fc1000 	C:\Windows\system32\WINSPOOL.DRV
0x77330000 - 0x7748c000 	C:\Windows\system32\ole32.dll
0x74310000 - 0x744ae000 	C:\Windows\WinSxS\x86_microsoft.windows.common-controls_6595b64144ccf1df_6.0.7601.17514_none_41e6975e2bd6f2b2\COMCTL32.dll
0x75920000 - 0x75977000 	C:\Windows\system32\SHLWAPI.dll
0x73d10000 - 0x73d23000 	C:\Windows\system32\DWMAPI.DLL
0x740e0000 - 0x74120000 	C:\Windows\system32\uxtheme.dll
0x6d2e0000 - 0x6d32f000 	C:\Program Files\Java\jdk1.6.0_25\jre\bin\fontmanager.dll
0x754a0000 - 0x754ac000 	C:\Windows\system32\CRYPTBASE.dll
0x75d20000 - 0x7696a000 	C:\Windows\system32\shell32.dll
0x6d6d0000 - 0x6d6d9000 	C:\Program Files\Java\jdk1.6.0_25\jre\bin\nio.dll
0x75b70000 - 0x75bff000 	C:\Windows\system32\OLEAUT32.DLL
0x769a0000 - 0x76a23000 	C:\Windows\system32\CLBCatQ.DLL
0x74160000 - 0x74255000 	C:\Windows\system32\propsys.dll
0x744b0000 - 0x744d1000 	C:\Windows\system32\ntmarta.dll
0x76a90000 - 0x76ad5000 	C:\Windows\system32\WLDAP32.dll
0x76bc0000 - 0x76d5d000 	C:\Windows\system32\SETUPAPI.dll
0x75760000 - 0x75787000 	C:\Windows\system32\CFGMGR32.dll
0x75730000 - 0x75742000 	C:\Windows\system32\DEVOBJ.dll
0x690f0000 - 0x69288000 	C:\Windows\system32\NetworkExplorer.dll
0x6f870000 - 0x6f89f000 	C:\Windows\System32\shdocvw.dll
0x75570000 - 0x7557b000 	C:\Windows\system32\profapi.dll
0x73600000 - 0x7360a000 	C:\Windows\system32\slc.dll
0x6cc80000 - 0x6cc92000 	C:\Windows\system32\MPR.dll
0x74540000 - 0x74548000 	C:\Windows\System32\drprov.dll
0x74c30000 - 0x74c59000 	C:\Windows\System32\WINSTA.dll
0x73ad0000 - 0x73ae4000 	C:\Windows\System32\ntlanman.dll
0x6ff80000 - 0x6ff97000 	C:\Windows\System32\davclnt.dll
0x744e0000 - 0x744e8000 	C:\Windows\System32\DAVHLPR.dll
0x73a60000 - 0x73a6f000 	C:\Windows\system32\wkscli.dll
0x6c080000 - 0x6c08b000 	C:\Windows\system32\cscapi.dll
0x73a70000 - 0x73a79000 	C:\Windows\system32\netutils.dll
0x05eb0000 - 0x060e8000 	C:\Windows\system32\wpdshext.dll
0x73f50000 - 0x740e0000 	C:\Windows\WinSxS\x86_microsoft.windows.gdiplus_6595b64144ccf1df_1.1.7601.18120_none_72d2e82386681b36\gdiplus.dll
0x684b0000 - 0x68539000 	C:\Windows\system32\PortableDeviceApi.dll
0x6d4f0000 - 0x6d515000 	C:\Program Files\Java\jdk1.6.0_25\jre\bin\jpeg.dll
0x75680000 - 0x756ae000 	C:\Windows\system32\WINTRUST.dll
0x757a0000 - 0x758c0000 	C:\Windows\system32\CRYPT32.dll
0x755e0000 - 0x755ec000 	C:\Windows\system32\MSASN1.dll
0x67700000 - 0x6772b000 	C:\Windows\system32\PortableDeviceTypes.dll
0x74fb0000 - 0x74fc6000 	C:\Windows\system32\CRYPTSP.dll
0x73240000 - 0x7327f000 	C:\Windows\system32\audiodev.dll
0x61d30000 - 0x61f97000 	C:\Windows\system32\WMVCore.DLL
0x636f0000 - 0x6372d000 	C:\Windows\system32\WMASF.DLL
0x74d60000 - 0x74d9b000 	C:\Windows\system32\rsaenh.dll
0x71300000 - 0x71331000 	C:\Windows\system32\EhStorShell.dll
0x75530000 - 0x7553e000 	C:\Windows\system32\RpcRtRemote.dll
0x73210000 - 0x73232000 	C:\Windows\system32\EhStorAPI.dll
0x6fb60000 - 0x6fb69000 	C:\Windows\system32\LINKINFO.dll

VM Arguments:
jvm_args: -Dfile.encoding=UTF-8 
java_command: jade.Boot -gui -port 1544 file:agentes.AgenteArchivo;dm:agentes.AgenteDM;pantalla:agentes.AgenteResultado;
Launcher Type: SUN_STANDARD

Environment Variables:
PATH=C:\Program Files\NVIDIA Corporation\PhysX\Common;C:\Windows\system32;C:\Windows;C:\Windows\System32\Wbem;C:\Windows\System32\WindowsPowerShell\v1.0\;C:\Program Files\Intel\WiFi\bin\;C:\Program Files\Common Files\Intel\WirelessCommon\;C:\Program Files\nodejs\;C:\Program Files\Intel\OpenCL SDK\2.0\bin\x86;C:\Program Files\MATLAB\R2012b\runtime\win32;C:\Program Files\MATLAB\R2012b\bin;C:\Program Files\Java\jdk1.7.0_45\bin;C:\Program Files\Intel\WiFi\bin\;C:\Program Files\Common Files\Intel\WirelessCommon\;DK_ROOT\tools;C:\Users\Johnny Alexander\AppData\Roaming\npm;.;;.;;.;
USERNAME=Johnny Alexander
OS=Windows_NT
PROCESSOR_IDENTIFIER=x86 Family 6 Model 58 Stepping 9, GenuineIntel



---------------  S Y S T E M  ---------------

OS: Windows 7 Build 7601 Service Pack 1

CPU:total 4 (2 cores per cpu, 2 threads per core) family 6 model 58 stepping 9, cmov, cx8, fxsr, mmx, sse, sse2, sse3, ssse3, sse4.1, sse4.2, popcnt, ht

Memory: 4k page, physical 3275884k(876368k free), swap 6550016k(3131196k free)

vm_info: Java HotSpot(TM) Client VM (20.0-b11) for windows-x86 JRE (1.6.0_25-b06), built on Apr 14 2011 01:04:32 by "java_re" with MS VC++ 7.1 (VS2003)

time: Wed Apr 30 18:15:19 2014
elapsed time: 3 seconds

